A51 MACRO ASSEMBLER  DELAY                                                                01/26/2026 16:36:41 PAGE     1


MACRO ASSEMBLER A51 V8.2.7.0
OBJECT MODULE PLACED IN .\Objects\delay.obj
ASSEMBLER INVOKED BY: C:\Keil_v5\C51\BIN\A51.EXE delay.asm SET(SMALL) DEBUG PRINT(.\Listings\delay.lst) OBJECT(.\Objects
                      \delay.obj) EP

LOC  OBJ            LINE     SOURCE

0000                   1     ORG 0H
0000 020100            2     LJMP MAIN
0100                   3     ORG 100H
0100                   4     MAIN:
0100 759001            5     MOV P1, #01H
0103 3130              6     CALL DELAY_1s
0105 759000            7     MOV P1, #00H
0108 80FE              8     HERE: SJMP HERE
0130                   9     ORG 130H
                      10     
0130                  11     DELAY_1s:
0130 C000             12     push 00h
0132 7864             13     mov r0, #100
0134 313B             14     h3: acall delay_10ms
0136 D8FC             15     djnz r0, h3
0138 D000             16     pop 00h
013A 22               17     RET
                      18     
013B                  19     delay_10ms:
013B C000             20     push 00h
013D 7828             21     mov r0, #40
013F 3146             22     h2: acall delay_250us
0141 D8FC             23     djnz r0, h2
0143 D000             24     pop 00h
0145 22               25     ret
0146                  26     delay_250us:
0146 C000             27     push 00h
0148 78F4             28     mov r0, #244
014A D8FE             29     h1: djnz r0, h1
014C D000             30     pop 00h
014E 00               31     NOP 
014F 00               32     NOP
0150 00               33     NOP
0151 22               34     ret
                      35     END
A51 MACRO ASSEMBLER  DELAY                                                                01/26/2026 16:36:41 PAGE     2

SYMBOL TABLE LISTING
------ ----- -------


N A M E             T Y P E  V A L U E   ATTRIBUTES

DELAY_10MS . . . .  C ADDR   013BH   A   
DELAY_1S . . . . .  C ADDR   0130H   A   
DELAY_250US. . . .  C ADDR   0146H   A   
H1 . . . . . . . .  C ADDR   014AH   A   
H2 . . . . . . . .  C ADDR   013FH   A   
H3 . . . . . . . .  C ADDR   0134H   A   
HERE . . . . . . .  C ADDR   0108H   A   
MAIN . . . . . . .  C ADDR   0100H   A   
P1 . . . . . . . .  D ADDR   0090H   A   


REGISTER BANK(S) USED: 0 


ASSEMBLY COMPLETE.  0 WARNING(S), 0 ERROR(S)
