A51 MACRO ASSEMBLER  BUBBLESORT                                                           01/19/2026 23:51:11 PAGE     1


MACRO ASSEMBLER A51 V8.2.7.0
OBJECT MODULE PLACED IN .\Objects\bubblesort.obj
ASSEMBLER INVOKED BY: C:\Keil_v5\C51\BIN\A51.EXE bubblesort.asm SET(SMALL) DEBUG PRINT(.\Listings\bubblesort.lst) OBJECT
                      (.\Objects\bubblesort.obj) EP

LOC  OBJ            LINE     SOURCE

0000                   1     ORG 0H
0000 020100            2     LJMP MAIN
0100                   3     ORG 100H
0100                   4     MAIN:
0100 3146              5     CALL BUBBLESORT
0102 80FE              6     HERE: SJMP HERE
0130                   7     ORG 130H
                       8     
0130                   9     SWAPN:
                      10     
                      11     
0130                  12     loop:
0130                  13     behind:
0130 E6               14             MOV A, @R0
0131 08               15         INC R0
0132 C3               16         CLR C
0133 96               17         SUBB A, @R0         ; compare A = [i] - [i+1]
0134 400A             18         JC NOSWAP           ; if [i] < [i+1], no swap
                      19     
0136 E6               20         MOV A, @R0          ; A = arr[i+1]
0137 FD               21         MOV R5, A           ; temp
0138 18               22         DEC R0
0139 E6               23         MOV A, @R0          ; A = arr[i]
013A 08               24         INC R0
013B F6               25         MOV @R0, A          ; arr[i+1] = arr[i]
013C 18               26         DEC R0
013D ED               27         MOV A, R5
013E F6               28         MOV @R0, A          ; arr[i] = old arr[i+1]
013F 08               29         INC R0
0140                  30             NOSWAP:
0140 B867ED           31             CJNE R0,#67H, behind
0143 8004             32             JMP ahead
                      33     
0145 22               34     RET
0146                  35     BUBBLESORT:
                      36     
                      37     
0146 75F008           38     MOV B,#08H
0149                  39     ahead:
0149 7860             40     MOV R0,#60H
014B D5F0E2           41     DJNZ B, loop
                      42     
014E 22               43     RET
                      44     END
A51 MACRO ASSEMBLER  BUBBLESORT                                                           01/19/2026 23:51:11 PAGE     2

SYMBOL TABLE LISTING
------ ----- -------


N A M E             T Y P E  V A L U E   ATTRIBUTES

AHEAD. . . . . . .  C ADDR   0149H   A   
B. . . . . . . . .  D ADDR   00F0H   A   
BEHIND . . . . . .  C ADDR   0130H   A   
BUBBLESORT . . . .  C ADDR   0146H   A   
HERE . . . . . . .  C ADDR   0102H   A   
LOOP . . . . . . .  C ADDR   0130H   A   
MAIN . . . . . . .  C ADDR   0100H   A   
NOSWAP . . . . . .  C ADDR   0140H   A   
SWAPN. . . . . . .  C ADDR   0130H   A   


REGISTER BANK(S) USED: 0 


ASSEMBLY COMPLETE.  0 WARNING(S), 0 ERROR(S)
