C51 COMPILER V9.60.7.0   MAIN                                                              02/09/2026 14:27:31 PAGE 1   


C51 COMPILER V9.60.7.0, COMPILATION OF MODULE MAIN
OBJECT MODULE PLACED IN .\Objects\main.obj
COMPILER INVOKED BY: C:\Keil_v5\C51\BIN\C51.EXE main.c OPTIMIZE(8,SPEED) BROWSE DEBUG OBJECTEXTEND PRINT(.\Listings\main
                    -.lst) TABS(2) OBJECT(.\Objects\main.obj)

line level    source

   1          #include "lcd.h"
*** ERROR C202 IN LINE 13 OF lcd.h: 'P0': undefined identifier
*** ERROR C202 IN LINE 14 OF lcd.h: 'P0': undefined identifier
*** ERROR C202 IN LINE 15 OF lcd.h: 'P0': undefined identifier
*** ERROR C202 IN LINE 26 OF lcd.h: 'P2': undefined identifier
*** ERROR C202 IN LINE 27 OF lcd.h: 'EN': undefined identifier
*** ERROR C202 IN LINE 28 OF lcd.h: 'RS': undefined identifier
*** ERROR C202 IN LINE 29 OF lcd.h: 'RW': undefined identifier
*** ERROR C202 IN LINE 62 OF lcd.h: 'RS': undefined identifier
*** ERROR C202 IN LINE 63 OF lcd.h: 'RW': undefined identifier
*** ERROR C202 IN LINE 64 OF lcd.h: 'EN': undefined identifier
*** ERROR C202 IN LINE 65 OF lcd.h: 'P2': undefined identifier
*** ERROR C202 IN LINE 67 OF lcd.h: 'EN': undefined identifier
*** ERROR C202 IN LINE 78 OF lcd.h: 'RS': undefined identifier
*** ERROR C202 IN LINE 79 OF lcd.h: 'RW': undefined identifier
*** ERROR C202 IN LINE 80 OF lcd.h: 'EN': undefined identifier
*** ERROR C202 IN LINE 81 OF lcd.h: 'P2': undefined identifier
*** ERROR C202 IN LINE 83 OF lcd.h: 'EN': undefined identifier

C51 COMPILATION COMPLETE.  0 WARNING(S),  17 ERROR(S)
